c:\users\administrator.jusin-20170214w\desktop\3d_heroes\tool\animationtool\include\release\animationtool.pch
c:\users\administrator.jusin-20170214w\desktop\3d_heroes\tool\animationtool\include\release\vc140.pdb
c:\users\administrator.jusin-20170214w\desktop\3d_heroes\tool\animationtool\include\release\stdafx.obj
c:\users\administrator.jusin-20170214w\desktop\3d_heroes\tool\animationtool\include\release\myform.obj
c:\users\administrator.jusin-20170214w\desktop\3d_heroes\tool\animationtool\include\release\mainfrm.obj
c:\users\administrator.jusin-20170214w\desktop\3d_heroes\tool\animationtool\include\release\animationtoolview.obj
c:\users\administrator.jusin-20170214w\desktop\3d_heroes\tool\animationtool\include\release\animationtooldoc.obj
c:\users\administrator.jusin-20170214w\desktop\3d_heroes\tool\animationtool\include\release\animationtool.obj
c:\users\administrator.jusin-20170214w\desktop\3d_heroes\tool\animationtool\include\release\scenetool.obj
c:\users\administrator.jusin-20170214w\desktop\3d_heroes\tool\animationtool\include\release\anidynamiccamera.obj
c:\users\administrator.jusin-20170214w\desktop\3d_heroes\tool\animationtool\include\release\aniarisha.obj
c:\users\administrator.jusin-20170214w\desktop\3d_heroes\tool\animationtool\include\release\animationmainapp.obj
c:\users\administrator.jusin-20170214w\desktop\3d_heroes\tool\animationtool\include\release\anicromcruach.obj
c:\users\administrator.jusin-20170214w\desktop\3d_heroes\tool\animationtool\bin\animationtool.exe
c:\users\administrator.jusin-20170214w\desktop\3d_heroes\tool\animationtool\bin\animationtool.pdb
c:\users\administrator.jusin-20170214w\desktop\3d_heroes\tool\animationtool\include\release\animationtool.res
c:\users\administrator.jusin-20170214w\desktop\3d_heroes\tool\animationtool\include\../bin\animationtool.exe
c:\users\administrator.jusin-20170214w\desktop\3d_heroes\tool\animationtool\include\release\animationtool.tlog\cl.command.1.tlog
c:\users\administrator.jusin-20170214w\desktop\3d_heroes\tool\animationtool\include\release\animationtool.tlog\cl.read.1.tlog
c:\users\administrator.jusin-20170214w\desktop\3d_heroes\tool\animationtool\include\release\animationtool.tlog\cl.write.1.tlog
c:\users\administrator.jusin-20170214w\desktop\3d_heroes\tool\animationtool\include\release\animationtool.tlog\link.command.1.tlog
c:\users\administrator.jusin-20170214w\desktop\3d_heroes\tool\animationtool\include\release\animationtool.tlog\link.read.1.tlog
c:\users\administrator.jusin-20170214w\desktop\3d_heroes\tool\animationtool\include\release\animationtool.tlog\link.write.1.tlog
c:\users\administrator.jusin-20170214w\desktop\3d_heroes\tool\animationtool\include\release\animationtool.tlog\rc.command.1.tlog
c:\users\administrator.jusin-20170214w\desktop\3d_heroes\tool\animationtool\include\release\animationtool.tlog\rc.read.1.tlog
c:\users\administrator.jusin-20170214w\desktop\3d_heroes\tool\animationtool\include\release\animationtool.tlog\rc.write.1.tlog
