c:\users\administrator.jusin-20170214w\desktop\3d_heroes\tool\maptool\include\release\maptool.pch
c:\users\administrator.jusin-20170214w\desktop\3d_heroes\tool\maptool\include\release\vc140.pdb
c:\users\administrator.jusin-20170214w\desktop\3d_heroes\tool\maptool\include\release\stdafx.obj
c:\users\administrator.jusin-20170214w\desktop\3d_heroes\tool\maptool\include\release\maptoolview.obj
c:\users\administrator.jusin-20170214w\desktop\3d_heroes\tool\maptool\include\release\maptooldoc.obj
c:\users\administrator.jusin-20170214w\desktop\3d_heroes\tool\maptool\include\release\maptool.obj
c:\users\administrator.jusin-20170214w\desktop\3d_heroes\tool\maptool\include\release\mainfrm.obj
c:\users\administrator.jusin-20170214w\desktop\3d_heroes\tool\maptool\bin\maptool.exe
c:\users\administrator.jusin-20170214w\desktop\3d_heroes\tool\maptool\bin\maptool.pdb
c:\users\administrator.jusin-20170214w\desktop\3d_heroes\tool\maptool\include\release\maptool.res
c:\users\administrator.jusin-20170214w\desktop\3d_heroes\tool\maptool\include\../bin\maptool.exe
c:\users\administrator.jusin-20170214w\desktop\3d_heroes\tool\maptool\include\release\maptool.tlog\cl.command.1.tlog
c:\users\administrator.jusin-20170214w\desktop\3d_heroes\tool\maptool\include\release\maptool.tlog\cl.read.1.tlog
c:\users\administrator.jusin-20170214w\desktop\3d_heroes\tool\maptool\include\release\maptool.tlog\cl.write.1.tlog
c:\users\administrator.jusin-20170214w\desktop\3d_heroes\tool\maptool\include\release\maptool.tlog\link.command.1.tlog
c:\users\administrator.jusin-20170214w\desktop\3d_heroes\tool\maptool\include\release\maptool.tlog\link.read.1.tlog
c:\users\administrator.jusin-20170214w\desktop\3d_heroes\tool\maptool\include\release\maptool.tlog\link.write.1.tlog
c:\users\administrator.jusin-20170214w\desktop\3d_heroes\tool\maptool\include\release\maptool.tlog\rc.command.1.tlog
c:\users\administrator.jusin-20170214w\desktop\3d_heroes\tool\maptool\include\release\maptool.tlog\rc.read.1.tlog
c:\users\administrator.jusin-20170214w\desktop\3d_heroes\tool\maptool\include\release\maptool.tlog\rc.write.1.tlog
