c:\users\administrator.jusin-20170214w\desktop\3d_heroes\tool\maptool\include\debug\maptool.pch
c:\users\administrator.jusin-20170214w\desktop\3d_heroes\tool\maptool\include\debug\vc140.pdb
c:\users\administrator.jusin-20170214w\desktop\3d_heroes\tool\maptool\include\debug\vc140.idb
c:\users\administrator.jusin-20170214w\desktop\3d_heroes\tool\maptool\include\debug\stdafx.obj
c:\users\administrator.jusin-20170214w\desktop\3d_heroes\tool\maptool\include\debug\mainfrm.obj
c:\users\administrator.jusin-20170214w\desktop\3d_heroes\tool\maptool\include\debug\maptool.obj
c:\users\administrator.jusin-20170214w\desktop\3d_heroes\tool\maptool\include\debug\maptooldoc.obj
c:\users\administrator.jusin-20170214w\desktop\3d_heroes\tool\maptool\include\debug\maptoolview.obj
c:\users\administrator.jusin-20170214w\desktop\3d_heroes\tool\maptool\bin\maptool.ilk
c:\users\administrator.jusin-20170214w\desktop\3d_heroes\tool\maptool\bin\maptool.exe
c:\users\administrator.jusin-20170214w\desktop\3d_heroes\tool\maptool\bin\maptool.pdb
c:\users\administrator.jusin-20170214w\desktop\3d_heroes\tool\maptool\include\debug\maptool.res
c:\users\administrator.jusin-20170214w\desktop\3d_heroes\tool\maptool\include\../bin\maptool.exe
c:\users\administrator.jusin-20170214w\desktop\3d_heroes\tool\maptool\include\debug\maptool.tlog\cl.command.1.tlog
c:\users\administrator.jusin-20170214w\desktop\3d_heroes\tool\maptool\include\debug\maptool.tlog\cl.read.1.tlog
c:\users\administrator.jusin-20170214w\desktop\3d_heroes\tool\maptool\include\debug\maptool.tlog\cl.write.1.tlog
c:\users\administrator.jusin-20170214w\desktop\3d_heroes\tool\maptool\include\debug\maptool.tlog\link.command.1.tlog
c:\users\administrator.jusin-20170214w\desktop\3d_heroes\tool\maptool\include\debug\maptool.tlog\link.read.1.tlog
c:\users\administrator.jusin-20170214w\desktop\3d_heroes\tool\maptool\include\debug\maptool.tlog\link.write.1.tlog
c:\users\administrator.jusin-20170214w\desktop\3d_heroes\tool\maptool\include\debug\maptool.tlog\rc.command.1.tlog
c:\users\administrator.jusin-20170214w\desktop\3d_heroes\tool\maptool\include\debug\maptool.tlog\rc.read.1.tlog
c:\users\administrator.jusin-20170214w\desktop\3d_heroes\tool\maptool\include\debug\maptool.tlog\rc.write.1.tlog
