c:\users\qudgus96\desktop\3d_heroes\tool\animationtool\include\debug\animationtool.pch
c:\users\qudgus96\desktop\3d_heroes\tool\animationtool\include\debug\vc140.pdb
c:\users\qudgus96\desktop\3d_heroes\tool\animationtool\include\debug\vc140.idb
c:\users\qudgus96\desktop\3d_heroes\tool\animationtool\include\debug\stdafx.obj
c:\users\qudgus96\desktop\3d_heroes\tool\animationtool\include\debug\anicromcruach.obj
c:\users\qudgus96\desktop\3d_heroes\tool\animationtool\include\debug\animationmainapp.obj
c:\users\qudgus96\desktop\3d_heroes\tool\animationtool\include\debug\aniarisha.obj
c:\users\qudgus96\desktop\3d_heroes\tool\animationtool\include\debug\anidynamiccamera.obj
c:\users\qudgus96\desktop\3d_heroes\tool\animationtool\include\debug\scenetool.obj
c:\users\qudgus96\desktop\3d_heroes\tool\animationtool\include\debug\animationtool.obj
c:\users\qudgus96\desktop\3d_heroes\tool\animationtool\include\debug\animationtooldoc.obj
c:\users\qudgus96\desktop\3d_heroes\tool\animationtool\include\debug\animationtoolview.obj
c:\users\qudgus96\desktop\3d_heroes\tool\animationtool\include\debug\mainfrm.obj
c:\users\qudgus96\desktop\3d_heroes\tool\animationtool\include\debug\myform.obj
c:\users\qudgus96\desktop\3d_heroes\tool\animationtool\bin\animationtool.ilk
c:\users\qudgus96\desktop\3d_heroes\tool\animationtool\bin\animationtool.exe
c:\users\qudgus96\desktop\3d_heroes\tool\animationtool\bin\animationtool.pdb
c:\users\qudgus96\desktop\3d_heroes\tool\animationtool\include\debug\animationtool.res
c:\users\qudgus96\desktop\3d_heroes\tool\animationtool\include\../bin\animationtool.exe
c:\users\qudgus96\desktop\3d_heroes\tool\animationtool\include\debug\animationtool.tlog\cl.command.1.tlog
c:\users\qudgus96\desktop\3d_heroes\tool\animationtool\include\debug\animationtool.tlog\cl.read.1.tlog
c:\users\qudgus96\desktop\3d_heroes\tool\animationtool\include\debug\animationtool.tlog\cl.write.1.tlog
c:\users\qudgus96\desktop\3d_heroes\tool\animationtool\include\debug\animationtool.tlog\link.command.1.tlog
c:\users\qudgus96\desktop\3d_heroes\tool\animationtool\include\debug\animationtool.tlog\link.delete.1.tlog
c:\users\qudgus96\desktop\3d_heroes\tool\animationtool\include\debug\animationtool.tlog\link.read.1.tlog
c:\users\qudgus96\desktop\3d_heroes\tool\animationtool\include\debug\animationtool.tlog\link.write.1.tlog
c:\users\qudgus96\desktop\3d_heroes\tool\animationtool\include\debug\animationtool.tlog\rc.command.1.tlog
c:\users\qudgus96\desktop\3d_heroes\tool\animationtool\include\debug\animationtool.tlog\rc.read.1.tlog
c:\users\qudgus96\desktop\3d_heroes\tool\animationtool\include\debug\animationtool.tlog\rc.write.1.tlog
